<?xml version="1.0" encoding="UTF-8"?>
<!-- Generated by org.testng.reporters.JUnitReportReporter -->
<testsuite hostname="LAPTOP-BNKKEG7G" failures="0" tests="1" name="demo.Demo1" time="0.009" errors="0" timestamp="2023-04-12T11:09:21 IST" skipped="0">
  <testcase classname="demo.Demo1" name="demo" time="0.009"/>
  <system-out/>
</testsuite> <!-- demo.Demo1 -->
